<?xml version="1.0" encoding="UTF-8"?>
<!-- Generated by org.testng.reporters.JUnitXMLReporter -->
<testsuite hostname="Harshini" ignored="0" name="Login" tests="7" failures="0" timestamp="2023-05-24T08:35:35 EDT" time="0.075" errors="0">
  <testcase name="login4" time="0.007" classname="com.training.annotation.Test1"/>
  <testcase name="login0" time="0.001" classname="com.training.annotation.Test1"/>
  <testcase name="login2" time="0.002" classname="com.training.annotation.Test1"/>
  <testcase name="login1" time="0.0" classname="com.training.annotation.Test1"/>
  <testcase name="login" time="0.002" classname="com.training.annotation1.Test3"/>
  <testcase name="login1" time="0.001" classname="com.training.annotation1.Test3"/>
  <testcase name="login3" time="0.001" classname="com.training.annotation1.Test3"/>
</testsuite> <!-- Login -->
