<?xml version="1.0" encoding="UTF-8"?>
<testng-results skipped="0" failed="0" ignored="0" total="7" passed="7">
  <reporter-output>
  </reporter-output>
  <suite name="Salesforce" duration-ms="75" started-at="2023-05-24T08:35:35 EDT" finished-at="2023-05-24T08:35:35 EDT">
    <groups>
      <group name="regression">
        <method signature="Test1.login1()[pri:1, instance:com.training.annotation.Test1@2d8f65a4]" name="login1" class="com.training.annotation.Test1"/>
      </group> <!-- regression -->
      <group name="smoke">
        <method signature="Test1.login0()[pri:0, instance:com.training.annotation.Test1@2d8f65a4]" name="login0" class="com.training.annotation.Test1"/>
        <method signature="Test1.login1()[pri:1, instance:com.training.annotation.Test1@2d8f65a4]" name="login1" class="com.training.annotation.Test1"/>
      </group> <!-- smoke -->
    </groups>
    <test name="Login" duration-ms="75" started-at="2023-05-24T08:35:35 EDT" finished-at="2023-05-24T08:35:35 EDT">
      <class name="com.training.annotation.Test1">
        <test-method status="PASS" signature="beforeSuite()[pri:0, instance:com.training.annotation.Test1@2d8f65a4]" name="beforeSuite" is-config="true" duration-ms="8" started-at="2023-05-24T08:35:34 EDT" finished-at="2023-05-24T08:35:35 EDT">
          <reporter-output>
          </reporter-output>
        </test-method> <!-- beforeSuite -->
        <test-method status="PASS" signature="BeforeTest()[pri:0, instance:com.training.annotation.Test1@2d8f65a4]" name="BeforeTest" is-config="true" duration-ms="0" started-at="2023-05-24T08:35:35 EDT" finished-at="2023-05-24T08:35:35 EDT">
          <reporter-output>
          </reporter-output>
        </test-method> <!-- BeforeTest -->
        <test-method status="PASS" signature="beforeMethod()[pri:0, instance:com.training.annotation.Test1@2d8f65a4]" name="beforeMethod" is-config="true" duration-ms="1" started-at="2023-05-24T08:35:35 EDT" finished-at="2023-05-24T08:35:35 EDT">
          <reporter-output>
          </reporter-output>
        </test-method> <!-- beforeMethod -->
        <test-method status="PASS" signature="login4()[pri:-2, instance:com.training.annotation.Test1@2d8f65a4]" name="login4" duration-ms="7" started-at="2023-05-24T08:35:35 EDT" finished-at="2023-05-24T08:35:35 EDT">
          <reporter-output>
          </reporter-output>
        </test-method> <!-- login4 -->
        <test-method status="PASS" signature="TearDown()[pri:0, instance:com.training.annotation.Test1@2d8f65a4]" name="TearDown" is-config="true" duration-ms="0" started-at="2023-05-24T08:35:35 EDT" finished-at="2023-05-24T08:35:35 EDT">
          <reporter-output>
          </reporter-output>
        </test-method> <!-- TearDown -->
        <test-method status="PASS" signature="beforeMethod()[pri:0, instance:com.training.annotation.Test1@2d8f65a4]" name="beforeMethod" is-config="true" duration-ms="1" started-at="2023-05-24T08:35:35 EDT" finished-at="2023-05-24T08:35:35 EDT">
          <reporter-output>
          </reporter-output>
        </test-method> <!-- beforeMethod -->
        <test-method status="PASS" signature="login0()[pri:0, instance:com.training.annotation.Test1@2d8f65a4]" name="login0" duration-ms="1" started-at="2023-05-24T08:35:35 EDT" finished-at="2023-05-24T08:35:35 EDT">
          <reporter-output>
          </reporter-output>
        </test-method> <!-- login0 -->
        <test-method status="PASS" signature="TearDown()[pri:0, instance:com.training.annotation.Test1@2d8f65a4]" name="TearDown" is-config="true" duration-ms="0" started-at="2023-05-24T08:35:35 EDT" finished-at="2023-05-24T08:35:35 EDT">
          <reporter-output>
          </reporter-output>
        </test-method> <!-- TearDown -->
        <test-method status="PASS" signature="beforeMethod()[pri:0, instance:com.training.annotation.Test1@2d8f65a4]" name="beforeMethod" is-config="true" duration-ms="0" started-at="2023-05-24T08:35:35 EDT" finished-at="2023-05-24T08:35:35 EDT">
          <reporter-output>
          </reporter-output>
        </test-method> <!-- beforeMethod -->
        <test-method status="PASS" signature="login2()[pri:0, instance:com.training.annotation.Test1@2d8f65a4]" name="login2" duration-ms="2" started-at="2023-05-24T08:35:35 EDT" finished-at="2023-05-24T08:35:35 EDT">
          <reporter-output>
          </reporter-output>
        </test-method> <!-- login2 -->
        <test-method status="PASS" signature="TearDown()[pri:0, instance:com.training.annotation.Test1@2d8f65a4]" name="TearDown" is-config="true" duration-ms="1" started-at="2023-05-24T08:35:35 EDT" finished-at="2023-05-24T08:35:35 EDT">
          <reporter-output>
          </reporter-output>
        </test-method> <!-- TearDown -->
        <test-method status="PASS" signature="beforeMethod()[pri:0, instance:com.training.annotation.Test1@2d8f65a4]" name="beforeMethod" is-config="true" duration-ms="1" started-at="2023-05-24T08:35:35 EDT" finished-at="2023-05-24T08:35:35 EDT">
          <reporter-output>
          </reporter-output>
        </test-method> <!-- beforeMethod -->
        <test-method status="PASS" signature="login1()[pri:1, instance:com.training.annotation.Test1@2d8f65a4]" name="login1" duration-ms="0" started-at="2023-05-24T08:35:35 EDT" finished-at="2023-05-24T08:35:35 EDT">
          <reporter-output>
          </reporter-output>
        </test-method> <!-- login1 -->
        <test-method status="PASS" signature="TearDown()[pri:0, instance:com.training.annotation.Test1@2d8f65a4]" name="TearDown" is-config="true" duration-ms="1" started-at="2023-05-24T08:35:35 EDT" finished-at="2023-05-24T08:35:35 EDT">
          <reporter-output>
          </reporter-output>
        </test-method> <!-- TearDown -->
        <test-method status="PASS" signature="afterTest()[pri:0, instance:com.training.annotation.Test1@2d8f65a4]" name="afterTest" is-config="true" duration-ms="0" started-at="2023-05-24T08:35:35 EDT" finished-at="2023-05-24T08:35:35 EDT">
          <reporter-output>
          </reporter-output>
        </test-method> <!-- afterTest -->
        <test-method status="PASS" signature="after()[pri:0, instance:com.training.annotation.Test1@2d8f65a4]" name="after" is-config="true" duration-ms="1" started-at="2023-05-24T08:35:35 EDT" finished-at="2023-05-24T08:35:35 EDT">
          <reporter-output>
          </reporter-output>
        </test-method> <!-- after -->
      </class> <!-- com.training.annotation.Test1 -->
      <class name="com.training.annotation1.Test3">
        <test-method status="PASS" signature="beforeSuite()[pri:0, instance:com.training.annotation1.Test3@76f2b07d]" name="beforeSuite" is-config="true" duration-ms="0" started-at="2023-05-24T08:35:35 EDT" finished-at="2023-05-24T08:35:35 EDT">
          <reporter-output>
          </reporter-output>
        </test-method> <!-- beforeSuite -->
        <test-method status="PASS" signature="BeforeTest()[pri:0, instance:com.training.annotation1.Test3@76f2b07d]" name="BeforeTest" is-config="true" duration-ms="0" started-at="2023-05-24T08:35:35 EDT" finished-at="2023-05-24T08:35:35 EDT">
          <reporter-output>
          </reporter-output>
        </test-method> <!-- BeforeTest -->
        <test-method status="PASS" signature="beforeMethod()[pri:0, instance:com.training.annotation1.Test3@76f2b07d]" name="beforeMethod" is-config="true" duration-ms="2" started-at="2023-05-24T08:35:35 EDT" finished-at="2023-05-24T08:35:35 EDT">
          <reporter-output>
          </reporter-output>
        </test-method> <!-- beforeMethod -->
        <test-method status="PASS" signature="login()[pri:0, instance:com.training.annotation1.Test3@76f2b07d]" name="login" duration-ms="2" started-at="2023-05-24T08:35:35 EDT" finished-at="2023-05-24T08:35:35 EDT">
          <reporter-output>
          </reporter-output>
        </test-method> <!-- login -->
        <test-method status="PASS" signature="TearDown()[pri:0, instance:com.training.annotation1.Test3@76f2b07d]" name="TearDown" is-config="true" duration-ms="0" started-at="2023-05-24T08:35:35 EDT" finished-at="2023-05-24T08:35:35 EDT">
          <reporter-output>
          </reporter-output>
        </test-method> <!-- TearDown -->
        <test-method status="PASS" signature="login1()[pri:1, instance:com.training.annotation1.Test3@76f2b07d]" name="login1" duration-ms="1" started-at="2023-05-24T08:35:35 EDT" finished-at="2023-05-24T08:35:35 EDT">
          <reporter-output>
          </reporter-output>
        </test-method> <!-- login1 -->
        <test-method status="PASS" signature="beforeMethod()[pri:0, instance:com.training.annotation1.Test3@76f2b07d]" name="beforeMethod" is-config="true" duration-ms="0" started-at="2023-05-24T08:35:35 EDT" finished-at="2023-05-24T08:35:35 EDT">
          <reporter-output>
          </reporter-output>
        </test-method> <!-- beforeMethod -->
        <test-method status="PASS" signature="beforeMethod()[pri:0, instance:com.training.annotation1.Test3@76f2b07d]" name="beforeMethod" is-config="true" duration-ms="1" started-at="2023-05-24T08:35:35 EDT" finished-at="2023-05-24T08:35:35 EDT">
          <reporter-output>
          </reporter-output>
        </test-method> <!-- beforeMethod -->
        <test-method status="PASS" signature="TearDown()[pri:0, instance:com.training.annotation1.Test3@76f2b07d]" name="TearDown" is-config="true" duration-ms="0" started-at="2023-05-24T08:35:35 EDT" finished-at="2023-05-24T08:35:35 EDT">
          <reporter-output>
          </reporter-output>
        </test-method> <!-- TearDown -->
        <test-method status="PASS" signature="login3()[pri:2, instance:com.training.annotation1.Test3@76f2b07d]" name="login3" duration-ms="1" started-at="2023-05-24T08:35:35 EDT" finished-at="2023-05-24T08:35:35 EDT">
          <reporter-output>
          </reporter-output>
        </test-method> <!-- login3 -->
        <test-method status="PASS" signature="afterTest()[pri:0, instance:com.training.annotation1.Test3@76f2b07d]" name="afterTest" is-config="true" duration-ms="0" started-at="2023-05-24T08:35:35 EDT" finished-at="2023-05-24T08:35:35 EDT">
          <reporter-output>
          </reporter-output>
        </test-method> <!-- afterTest -->
        <test-method status="PASS" signature="TearDown()[pri:0, instance:com.training.annotation1.Test3@76f2b07d]" name="TearDown" is-config="true" duration-ms="0" started-at="2023-05-24T08:35:35 EDT" finished-at="2023-05-24T08:35:35 EDT">
          <reporter-output>
          </reporter-output>
        </test-method> <!-- TearDown -->
        <test-method status="PASS" signature="after()[pri:0, instance:com.training.annotation1.Test3@76f2b07d]" name="after" is-config="true" duration-ms="0" started-at="2023-05-24T08:35:35 EDT" finished-at="2023-05-24T08:35:35 EDT">
          <reporter-output>
          </reporter-output>
        </test-method> <!-- after -->
      </class> <!-- com.training.annotation1.Test3 -->
    </test> <!-- Login -->
  </suite> <!-- Salesforce -->
</testng-results>
